./CHECKER_SPEC.md: OK
./README.md: OK
./STANDALONE_CERTIFICATE_SECTION.md: OK
./SYMBOLIC_LEMMAS.md: OK
./base_cycle116/CHECKER_SPEC.md: OK
./base_cycle116/README.md: OK
./base_cycle116/STANDALONE_CERTIFICATE_SECTION.md: OK
./base_cycle116/imports/STANDALONE_FINITE_CERTIFICATE.md: OK
./base_cycle116/imports/cycle84_master_proof_certificate.json: OK
./base_cycle116/imports/light_verification.out: OK
./base_cycle116/imports/slot_logs.json: OK
./base_cycle116/inputs/cycle84_anchor.json: OK
./base_cycle116/inputs/fixed_jet_certificate.json: OK
./base_cycle116/receipts/environment.txt: OK
./base_cycle116/receipts/missing_fixed_jet.json: OK
./base_cycle116/receipts/self_tests.out: OK
./base_cycle116/receipts/success.json: OK
./base_cycle116/receipts/success.stderr: OK
./base_cycle116/receipts/tamper_rejected.json: OK
./base_cycle116/run_self_tests.sh: OK
./base_cycle116/run_verifier.sh: OK
./base_cycle116/verify_transfer.py: OK
./imports/05_role05_response.md: OK
./inputs/two_ended_certificate.json: OK
./receipts/environment.txt: OK
./receipts/self_tests.out: OK
./receipts/self_tests.stderr: OK
./receipts/success.json: OK
./receipts/success.stderr: OK
./run_checker.sh: OK
./run_self_tests.sh: OK
./verify_two_ended.py: OK
